c:\rockstar\sky\sky\release\vc120.pdb
c:\rockstar\sky\sky\release\utils.obj
c:\rockstar\sky\sky\release\scripting.obj
c:\rockstar\sky\sky\release\rpcs.obj
c:\rockstar\sky\sky\release\main.obj
c:\rockstar\sky\sky\release\hooks.obj
c:\rockstar\sky\sky\release\functions.obj
c:\rockstar\sky\sky\release\amxfunctions.obj
c:\rockstar\sky\sky\release\addresses.obj
c:\rockstar\sky\sky\release\amxplugin.obj
c:\rockstar\sky\sky\release\bitstream.obj
c:\rockstar\sky\sky\release\subhook.obj
c:\rockstar\sky\release\sky.dll
c:\rockstar\sky\release\sky.pdb
c:\rockstar\sky\release\sky.lib
c:\rockstar\sky\release\sky.exp
c:\rockstar\sky\sky\release\sky.tlog\cl.command.1.tlog
c:\rockstar\sky\sky\release\sky.tlog\cl.read.1.tlog
c:\rockstar\sky\sky\release\sky.tlog\cl.write.1.tlog
c:\rockstar\sky\sky\release\sky.tlog\link.command.1.tlog
c:\rockstar\sky\sky\release\sky.tlog\link.read.1.tlog
c:\rockstar\sky\sky\release\sky.tlog\link.write.1.tlog
c:\rockstar\sky\sky\release\sky.tlog\sky.write.1u.tlog
